{"logTime": "0826/204741", "correlationVector":"GGbu00z6H0FUlBYca8XxBm.0","action":"FeedSettingFetch_homeCloud", "result":"0", "context":{}}
{"logTime": "0826/204741", "correlationVector":"WRMA7Gyu8IVD0P89fv/eDS.1","action":"SyncServerConnectionManagerRequest", "result":"SYNC_SERVER_OK", "context":{"environment":"Prod_WestEurope_x00e", "migrationStage":"NotStarted", "server":"GENERAL0100000F"}}
{"logTime": "0826/204741", "correlationVector":"WRMA7Gyu8IVD0P89fv/eDS","action":"Initial GetUpdates", "result":"", "context":Reason: NEW_CLIENT. cV=WRMA7Gyu8IVD0P89fv/eDS}
{"logTime": "0826/204741", "correlationVector":"WRMA7Gyu8IVD0P89fv/eDS.2","action":"GetUpdates Response", "result":"SYNCER_OK", "context":Received 1 update(s). cV=WRMA7Gyu8IVD0P89fv/eDS.0;server=GENERAL0100000F;cloudType=Consumer;environment=Prod_WestEurope_x00e;migrationStage=NotStarted}
{"logTime": "0826/204743", "correlationVector":"7skN/DZGT1tYjfVHIJVXV3","action":"SyncServerConnectionManagerRequest", "result":"SYNC_SERVER_OK", "context":{"environment":"", "migrationStage":"", "server":""}}
{"logTime": "0826/204744", "correlationVector":"b0669nquaj8CADsYuv6lDj","action":"Initial GetUpdates", "result":"", "context":Reason: NEW_CLIENT. cV=b0669nquaj8CADsYuv6lDj}
{"logTime": "0826/204744", "correlationVector":"b0669nquaj8CADsYuv6lDj.1","action":"SyncServerConnectionManagerRequest", "result":"SYNC_SERVER_OK", "context":{"environment":"Prod_WestEurope_x00e", "migrationStage":"NotStarted", "server":"GENERAL01000004"}}
{"logTime": "0826/204744", "correlationVector":"b0669nquaj8CADsYuv6lDj.2","action":"GetUpdates Response", "result":"SYNCER_OK", "context":Received 9 update(s). cV=b0669nquaj8CADsYuv6lDj.0;server=GENERAL01000004;cloudType=Consumer;environment=Prod_WestEurope_x00e;migrationStage=NotStarted}
{"logTime": "0826/204744", "correlationVector":"kjDCJ3BJbHaWx3KL+UgaJZ","action":"Normal GetUpdate request", "result":"", "context":cV=kjDCJ3BJbHaWx3KL+UgaJZ
Nudged types: Device Info, User Consents
Refresh requested types: Device Info, User Consents, Send Tab To Self, Encryption Keys}
{"logTime": "0826/204744", "correlationVector":"kjDCJ3BJbHaWx3KL+UgaJZ.1","action":"SyncServerConnectionManagerRequest", "result":"SYNC_SERVER_OK", "context":{"environment":"Prod_WestEurope_x00e", "migrationStage":"NotStarted", "server":"GENERAL0100002Q"}}
{"logTime": "0826/204744", "correlationVector":"kjDCJ3BJbHaWx3KL+UgaJZ.2","action":"GetUpdates Response", "result":"SYNCER_OK", "context":Received 0 update(s). cV=kjDCJ3BJbHaWx3KL+UgaJZ.0;server=GENERAL0100002Q;cloudType=Consumer;environment=Prod_WestEurope_x00e;migrationStage=NotStarted}
{"logTime": "0826/204744", "correlationVector":"brZwQ8AsmlXma3flvPW5B1","action":"Commit Request", "result":"", "context":Item count: 1
Contributing types: Device Info}
{"logTime": "0826/204744", "correlationVector":"brZwQ8AsmlXma3flvPW5B1.1","action":"SyncServerConnectionManagerRequest", "result":"SYNC_SERVER_OK", "context":{"environment":"Prod_WestEurope_x00e", "migrationStage":"NotStarted", "server":"GENERAL0100000Q"}}
{"logTime": "0826/204744", "correlationVector":"brZwQ8AsmlXma3flvPW5B1.2","action":"Commit Response", "result":"SYNCER_OK", "context":Result: SYNCER_OK. cV=brZwQ8AsmlXma3flvPW5B1.0;server=GENERAL0100000Q;cloudType=Consumer;environment=Prod_WestEurope_x00e;migrationStage=NotStarted}
{"logTime": "0826/204744", "correlationVector":"/oLH727HE6pd3Vom64WAv8","action":"Commit Request", "result":"", "context":Item count: 2
Contributing types: User Consents}
{"logTime": "0826/204744", "correlationVector":"/oLH727HE6pd3Vom64WAv8.1","action":"SyncServerConnectionManagerRequest", "result":"SYNC_SERVER_OK", "context":{"environment":"Prod_WestEurope_x00e", "migrationStage":"NotStarted", "server":"GENERAL01000020"}}
{"logTime": "0826/204744", "correlationVector":"/oLH727HE6pd3Vom64WAv8.2","action":"Commit Response", "result":"SYNCER_OK", "context":Result: SYNCER_OK. cV=/oLH727HE6pd3Vom64WAv8.0;server=GENERAL01000020;cloudType=Consumer;environment=Prod_WestEurope_x00e;migrationStage=NotStarted}
{"logTime": "0826/204744", "correlationVector":"eepAKsh9QI3zw+WR8ucdqp","action":"Normal GetUpdate request", "result":"", "context":cV=eepAKsh9QI3zw+WR8ucdqp
Nudged types: Device Info}
{"logTime": "0826/204744", "correlationVector":"eepAKsh9QI3zw+WR8ucdqp.1","action":"SyncServerConnectionManagerRequest", "result":"SYNC_SERVER_OK", "context":{"environment":"Prod_WestEurope_x00e", "migrationStage":"NotStarted", "server":"GENERAL0100000L"}}
{"logTime": "0826/204745", "correlationVector":"eepAKsh9QI3zw+WR8ucdqp.2","action":"GetUpdates Response", "result":"SYNCER_OK", "context":Received 1 update(s). cV=eepAKsh9QI3zw+WR8ucdqp.0;server=GENERAL0100000L;cloudType=Consumer;environment=Prod_WestEurope_x00e;migrationStage=NotStarted}
{"logTime": "0826/212952", "correlationVector":"LmSgsuVd8C8XX4dyX+8elT.0","action":"FeedSettingFetch_homeCloud", "result":"0", "context":{}}
{"logTime": "0826/212952", "correlationVector":"0xbUxmSWQCqmEKrt0YQm+O.1","action":"SyncServerConnectionManagerRequest", "result":"SYNC_SERVER_OK", "context":{"environment":"Prod_WestEurope_000l", "migrationStage":"NotStarted", "server":"general01000023"}}
{"logTime": "0826/212952", "correlationVector":"0xbUxmSWQCqmEKrt0YQm+O","action":"Initial GetUpdates", "result":"", "context":Reason: NEW_CLIENT. cV=0xbUxmSWQCqmEKrt0YQm+O}
{"logTime": "0826/212952", "correlationVector":"0xbUxmSWQCqmEKrt0YQm+O.2","action":"GetUpdates Response", "result":"SYNCER_OK", "context":Received 1 update(s). cV=0xbUxmSWQCqmEKrt0YQm+O.0;server=general01000023;cloudType=Consumer;environment=Prod_WestEurope_000l;migrationStage=NotStarted}
{"logTime": "0826/212952", "correlationVector":"UlwL9kgFSlUxitabJ/G0MY","action":"Normal GetUpdate request", "result":"", "context":cV=UlwL9kgFSlUxitabJ/G0MY
Nudged types: User Consents
Refresh requested types: Device Info, User Consents, Send Tab To Self, Encryption Keys}
{"logTime": "0826/212952", "correlationVector":"UlwL9kgFSlUxitabJ/G0MY.1","action":"SyncServerConnectionManagerRequest", "result":"SYNC_SERVER_OK", "context":{"environment":"Prod_WestEurope_000l", "migrationStage":"NotStarted", "server":"general0100000O"}}
{"logTime": "0826/212952", "correlationVector":"UlwL9kgFSlUxitabJ/G0MY.2","action":"GetUpdates Response", "result":"SYNCER_OK", "context":Received 0 update(s). cV=UlwL9kgFSlUxitabJ/G0MY.0;server=general0100000O;cloudType=Consumer;environment=Prod_WestEurope_000l;migrationStage=NotStarted}
{"logTime": "0826/212952", "correlationVector":"8cPel8iwIKGF/WS4qPYqm/","action":"Commit Request", "result":"", "context":Item count: 1
Contributing types: User Consents}
{"logTime": "0826/212953", "correlationVector":"8cPel8iwIKGF/WS4qPYqm/.1","action":"SyncServerConnectionManagerRequest", "result":"SYNC_SERVER_OK", "context":{"environment":"Prod_WestEurope_000l", "migrationStage":"NotStarted", "server":"general0100000N"}}
{"logTime": "0826/212953", "correlationVector":"8cPel8iwIKGF/WS4qPYqm/.2","action":"Commit Response", "result":"SYNCER_OK", "context":Result: SYNCER_OK. cV=8cPel8iwIKGF/WS4qPYqm/.0;server=general0100000N;cloudType=Consumer;environment=Prod_WestEurope_000l;migrationStage=NotStarted}
{"logTime": "0826/212957", "correlationVector":"A51ehbpY54AlrKJOD11zHx","action":"SyncServerConnectionManagerRequest", "result":"SYNC_SERVER_OK", "context":{"environment":"", "migrationStage":"", "server":""}}
{"logTime": "0826/212957", "correlationVector":"7e9Eo+82/DcYS3k53NwlAD","action":"Initial GetUpdates", "result":"", "context":Reason: RECONFIGURATION. cV=7e9Eo+82/DcYS3k53NwlAD}
{"logTime": "0826/212958", "correlationVector":"7e9Eo+82/DcYS3k53NwlAD.1","action":"SyncServerConnectionManagerRequest", "result":"SYNC_SERVER_OK", "context":{"environment":"Prod_WestEurope_000l", "migrationStage":"NotStarted", "server":"general01000016"}}
{"logTime": "0826/212958", "correlationVector":"7e9Eo+82/DcYS3k53NwlAD.2","action":"GetUpdates Response", "result":"SYNCER_OK", "context":Received 40 update(s). cV=7e9Eo+82/DcYS3k53NwlAD.0;server=general01000016;cloudType=Consumer;environment=Prod_WestEurope_000l;migrationStage=NotStarted}
{"logTime": "0826/212958", "correlationVector":"tCDNTQrdwnK5Z5kdzzdWSI","action":"Initial GetUpdates", "result":"", "context":Reason: NEWLY_SUPPORTED_DATATYPE. cV=tCDNTQrdwnK5Z5kdzzdWSI}
{"logTime": "0826/212958", "correlationVector":"tCDNTQrdwnK5Z5kdzzdWSI.1","action":"SyncServerConnectionManagerRequest", "result":"SYNC_SERVER_OK", "context":{"environment":"Prod_WestEurope_x00e", "migrationStage":"NotStarted", "server":"GENERAL0100000Q"}}
{"logTime": "0826/212958", "correlationVector":"tCDNTQrdwnK5Z5kdzzdWSI.2","action":"GetUpdates", "result":"DeleteReceived", "context":{"id":"5aa84c77-2ef1-4aa6-8e86-59024ca1f7dc", "isDeleted:":"true", "version":"1689028433464"}}
{"logTime": "0826/212958", "correlationVector":"tCDNTQrdwnK5Z5kdzzdWSI.3","action":"GetUpdates", "result":"DeleteReceived", "context":{"id":"16f96b4c-d010-411d-aeb4-029c096fc6f9", "isDeleted:":"true", "version":"1689028438186"}}
{"logTime": "0826/212958", "correlationVector":"tCDNTQrdwnK5Z5kdzzdWSI.4","action":"GetUpdates", "result":"DeleteReceived", "context":{"id":"922b4fd5-586b-411f-9fdd-9ab6c184c0d7", "isDeleted:":"true", "version":"1689028440590"}}
{"logTime": "0826/212958", "correlationVector":"tCDNTQrdwnK5Z5kdzzdWSI.5","action":"GetUpdates", "result":"DeleteReceived", "context":{"id":"ef379f35-c50a-4235-ae9c-d077063325e3", "isDeleted:":"true", "version":"1689028443136"}}
{"logTime": "0826/212958", "correlationVector":"tCDNTQrdwnK5Z5kdzzdWSI.6","action":"GetUpdates", "result":"DeleteReceived", "context":{"id":"f7f29e57-5aed-40a5-af00-636cd68db1e8", "isDeleted:":"true", "version":"1689028443137"}}
{"logTime": "0826/212958", "correlationVector":"tCDNTQrdwnK5Z5kdzzdWSI.7","action":"GetUpdates", "result":"DeleteReceived", "context":{"id":"e8f77143-a8c3-47e0-b810-a0777b2b1b20", "isDeleted:":"true", "version":"1689028447251"}}
{"logTime": "0826/212958", "correlationVector":"tCDNTQrdwnK5Z5kdzzdWSI.8","action":"GetUpdates", "result":"DeleteReceived", "context":{"id":"940ca9b0-89dd-4d90-abed-2bed8ed65d36", "isDeleted:":"true", "version":"1689028449672"}}
{"logTime": "0826/212958", "correlationVector":"tCDNTQrdwnK5Z5kdzzdWSI.9","action":"GetUpdates Response", "result":"SYNCER_OK", "context":Received 18 update(s). cV=tCDNTQrdwnK5Z5kdzzdWSI.0;server=GENERAL0100000Q;cloudType=Consumer;environment=Prod_WestEurope_x00e;migrationStage=NotStarted}
{"logTime": "0826/212958", "correlationVector":"aB4buI7gG/ao4yOeq638Pi","action":"Initial GetUpdates", "result":"", "context":Reason: NEWLY_SUPPORTED_DATATYPE. cV=aB4buI7gG/ao4yOeq638Pi}
{"logTime": "0826/212958", "correlationVector":"aB4buI7gG/ao4yOeq638Pi.1","action":"SyncServerConnectionManagerRequest", "result":"SYNC_SERVER_OK", "context":{"environment":"Prod_WestEurope_x00e", "migrationStage":"NotStarted", "server":"GENERAL01000004"}}
{"logTime": "0826/212958", "correlationVector":"aB4buI7gG/ao4yOeq638Pi.2","action":"GetUpdates", "result":"DeleteReceived", "context":{"id":"be81cab9-2779-43ea-9ac5-500167a7f6cd", "isDeleted:":"true", "version":"1689025639673"}}
{"logTime": "0826/212958", "correlationVector":"aB4buI7gG/ao4yOeq638Pi.3","action":"GetUpdates", "result":"DeleteReceived", "context":{"id":"be23fa57-a0c8-424c-be9b-300b46410493", "isDeleted:":"true", "version":"1689025639674"}}
{"logTime": "0826/212958", "correlationVector":"aB4buI7gG/ao4yOeq638Pi.4","action":"GetUpdates", "result":"DeleteReceived", "context":{"id":"80cd8d84-2acc-4e33-a8fc-19cb7a01e2c5", "isDeleted:":"true", "version":"1689025639675"}}
{"logTime": "0826/212958", "correlationVector":"aB4buI7gG/ao4yOeq638Pi.5","action":"GetUpdates", "result":"DeleteReceived", "context":{"id":"13a81ce6-d9e1-4a74-828b-fd1c8b9d0fbf", "isDeleted:":"true", "version":"1689025639676"}}
{"logTime": "0826/212958", "correlationVector":"aB4buI7gG/ao4yOeq638Pi.6","action":"GetUpdates", "result":"DeleteReceived", "context":{"id":"9f74fc3e-2985-4e14-b4c2-275104c41baf", "isDeleted:":"true", "version":"1689025723211"}}
{"logTime": "0826/212958", "correlationVector":"aB4buI7gG/ao4yOeq638Pi.7","action":"GetUpdates", "result":"DeleteReceived", "context":{"id":"f2de3aab-2c62-4b7a-a8d2-67f4ed56e97a", "isDeleted:":"true", "version":"1689025877484"}}
{"logTime": "0826/212958", "correlationVector":"aB4buI7gG/ao4yOeq638Pi.8","action":"GetUpdates", "result":"DeleteReceived", "context":{"id":"52fc91a6-0851-4e15-af5d-a381fd00a034", "isDeleted:":"true", "version":"1689026020097"}}
{"logTime": "0826/212958", "correlationVector":"aB4buI7gG/ao4yOeq638Pi.9","action":"GetUpdates", "result":"DeleteReceived", "context":{"id":"885e49b2-c398-4644-87e5-425fe1910563", "isDeleted:":"true", "version":"1689026020099"}}
{"logTime": "0826/212958", "correlationVector":"aB4buI7gG/ao4yOeq638Pi.10","action":"GetUpdates", "result":"DeleteReceived", "context":{"id":"449d5326-7764-41bd-b5f8-2805217adccd", "isDeleted:":"true", "version":"1689026447007"}}
{"logTime": "0826/212958", "correlationVector":"aB4buI7gG/ao4yOeq638Pi.11","action":"GetUpdates", "result":"DeleteReceived", "context":{"id":"131a10d2-7083-4e61-9405-9564f4feab23", "isDeleted:":"true", "version":"1689026776899"}}
{"logTime": "0826/212958", "correlationVector":"aB4buI7gG/ao4yOeq638Pi.12","action":"GetUpdates", "result":"DeleteReceived", "context":{"id":"1c0516e5-d400-490b-96cc-816387214d1a", "isDeleted:":"true", "version":"1689028236369"}}
{"logTime": "0826/212958", "correlationVector":"aB4buI7gG/ao4yOeq638Pi.13","action":"GetUpdates", "result":"DeleteReceived", "context":{"id":"3c58601f-3ecf-44c2-a2c6-455b4f868238", "isDeleted:":"true", "version":"1689028433466"}}
{"logTime": "0826/212958", "correlationVector":"aB4buI7gG/ao4yOeq638Pi.14","action":"GetUpdates", "result":"DeleteReceived", "context":{"id":"9557b65c-9215-422b-b68d-b862e7097b6e", "isDeleted:":"true", "version":"1689031421481"}}
{"logTime": "0826/212958", "correlationVector":"aB4buI7gG/ao4yOeq638Pi.15","action":"GetUpdates", "result":"DeleteReceived", "context":{"id":"064dcc2a-fe31-4060-8d3e-0017a593a1ec", "isDeleted:":"true", "version":"1689031421483"}}
{"logTime": "0826/212958", "correlationVector":"aB4buI7gG/ao4yOeq638Pi.16","action":"GetUpdates", "result":"DeleteReceived", "context":{"id":"4043c67a-e82d-452b-a857-16d1c4945aff", "isDeleted:":"true", "version":"1691066531702"}}
{"logTime": "0826/212958", "correlationVector":"aB4buI7gG/ao4yOeq638Pi.17","action":"GetUpdates", "result":"DeleteReceived", "context":{"id":"585125c1-d58e-4520-950d-8e1f0a319341", "isDeleted:":"true", "version":"1691344413551"}}
{"logTime": "0826/212959", "correlationVector":"aB4buI7gG/ao4yOeq638Pi.18","action":"GetUpdates", "result":"DeleteReceived", "context":{"id":"862b0fc1-1b7e-4c17-9cf8-2716ec7df58a", "isDeleted:":"true", "version":"1691345984002"}}
{"logTime": "0826/212959", "correlationVector":"aB4buI7gG/ao4yOeq638Pi.19","action":"GetUpdates", "result":"DeleteReceived", "context":{"id":"3b09c9d9-0e64-425d-bf07-23f251ce1549", "isDeleted:":"true", "version":"1691431360194"}}
{"logTime": "0826/212959", "correlationVector":"aB4buI7gG/ao4yOeq638Pi.20","action":"GetUpdates", "result":"DeleteReceived", "context":{"id":"57ecdef0-4ac2-4cb4-9c37-dc3728bf525f", "isDeleted:":"true", "version":"1691433301813"}}
{"logTime": "0826/212959", "correlationVector":"aB4buI7gG/ao4yOeq638Pi.21","action":"GetUpdates", "result":"DeleteReceived", "context":{"id":"7780d4ed-d924-4736-8cd7-78d0a5c1029b", "isDeleted:":"true", "version":"1691519214780"}}
{"logTime": "0826/212959", "correlationVector":"aB4buI7gG/ao4yOeq638Pi.22","action":"GetUpdates", "result":"DeleteReceived", "context":{"id":"0bdd86e1-6bed-4b2e-b029-4d578b323ee5", "isDeleted:":"true", "version":"1691601760584"}}
{"logTime": "0826/212959", "correlationVector":"aB4buI7gG/ao4yOeq638Pi.23","action":"GetUpdates", "result":"DeleteReceived", "context":{"id":"fbed2a55-b1b8-4906-aad6-df284e9399f8", "isDeleted:":"true", "version":"1691612923515"}}
{"logTime": "0826/212959", "correlationVector":"aB4buI7gG/ao4yOeq638Pi.24","action":"GetUpdates", "result":"DeleteReceived", "context":{"id":"396e2c3c-7de8-41ea-83a4-d41c5519f2df", "isDeleted:":"true", "version":"1691627576686"}}
{"logTime": "0826/212959", "correlationVector":"aB4buI7gG/ao4yOeq638Pi.25","action":"GetUpdates", "result":"DeleteReceived", "context":{"id":"6149ad56-4e41-43b9-a925-d77bab489096", "isDeleted:":"true", "version":"1691691440087"}}
{"logTime": "0826/212959", "correlationVector":"aB4buI7gG/ao4yOeq638Pi.26","action":"GetUpdates", "result":"DeleteReceived", "context":{"id":"3d78372e-056d-48f6-b929-1e67e22abee7", "isDeleted:":"true", "version":"1691700952187"}}
{"logTime": "0826/212959", "correlationVector":"aB4buI7gG/ao4yOeq638Pi.27","action":"GetUpdates", "result":"DeleteReceived", "context":{"id":"d81306a9-ac33-4f08-bbfd-0250ce7677dc", "isDeleted:":"true", "version":"1691704079408"}}
{"logTime": "0826/212959", "correlationVector":"aB4buI7gG/ao4yOeq638Pi.28","action":"GetUpdates", "result":"DeleteReceived", "context":{"id":"4ed2550b-7206-4c5f-ab99-e8343ce84aa5", "isDeleted:":"true", "version":"1691704392254"}}
{"logTime": "0826/212959", "correlationVector":"aB4buI7gG/ao4yOeq638Pi.29","action":"GetUpdates", "result":"DeleteReceived", "context":{"id":"b98fdbb4-1d83-4e30-9d22-b78e52d6e953", "isDeleted:":"true", "version":"1691708453195"}}
{"logTime": "0826/212959", "correlationVector":"aB4buI7gG/ao4yOeq638Pi.30","action":"GetUpdates", "result":"DeleteReceived", "context":{"id":"71ebd5a5-e3bf-4eb1-9677-7533d72633d3", "isDeleted:":"true", "version":"1691708963511"}}
{"logTime": "0826/212959", "correlationVector":"aB4buI7gG/ao4yOeq638Pi.31","action":"GetUpdates", "result":"DeleteReceived", "context":{"id":"2df107c8-1c87-4ae5-a591-dce4d9ecfc2d", "isDeleted:":"true", "version":"1691709779899"}}
{"logTime": "0826/212959", "correlationVector":"aB4buI7gG/ao4yOeq638Pi.32","action":"GetUpdates", "result":"DeleteReceived", "context":{"id":"9600ee9d-cf27-45dc-a961-02c962534427", "isDeleted:":"true", "version":"1691831405107"}}
{"logTime": "0826/212959", "correlationVector":"aB4buI7gG/ao4yOeq638Pi.33","action":"GetUpdates", "result":"DeleteReceived", "context":{"id":"e584007c-9115-47c6-a512-e5f98da09640", "isDeleted:":"true", "version":"1691832614931"}}
{"logTime": "0826/212959", "correlationVector":"aB4buI7gG/ao4yOeq638Pi.34","action":"GetUpdates", "result":"DeleteReceived", "context":{"id":"57e4f053-d16c-4115-bb9f-7c4af1ca3a0a", "isDeleted:":"true", "version":"1692037687589"}}
{"logTime": "0826/212959", "correlationVector":"aB4buI7gG/ao4yOeq638Pi.35","action":"GetUpdates", "result":"DeleteReceived", "context":{"id":"641649a9-3085-4066-b292-3b92c1d90e94", "isDeleted:":"true", "version":"1692127213776"}}
{"logTime": "0826/212959", "correlationVector":"aB4buI7gG/ao4yOeq638Pi.36","action":"GetUpdates", "result":"DeleteReceived", "context":{"id":"6b004b97-4c40-4acd-a168-e90cc058cf7f", "isDeleted:":"true", "version":"1692128851464"}}
{"logTime": "0826/212959", "correlationVector":"aB4buI7gG/ao4yOeq638Pi.37","action":"GetUpdates", "result":"DeleteReceived", "context":{"id":"62970759-90a7-4474-9dd5-d5b87ee94c42", "isDeleted:":"true", "version":"1692129227055"}}
{"logTime": "0826/212959", "correlationVector":"aB4buI7gG/ao4yOeq638Pi.38","action":"GetUpdates", "result":"DeleteReceived", "context":{"id":"9ea57150-d929-424b-af9e-1c68cfe07b53", "isDeleted:":"true", "version":"1692207551539"}}
{"logTime": "0826/212959", "correlationVector":"aB4buI7gG/ao4yOeq638Pi.39","action":"GetUpdates", "result":"DeleteReceived", "context":{"id":"015c0ca1-e996-4d72-99d6-fe3473560088", "isDeleted:":"true", "version":"1692207752755"}}
{"logTime": "0826/212959", "correlationVector":"aB4buI7gG/ao4yOeq638Pi.40","action":"GetUpdates", "result":"DeleteReceived", "context":{"id":"9267c110-d99f-4089-8d83-a59fc331a25e", "isDeleted:":"true", "version":"1692228018294"}}
{"logTime": "0826/212959", "correlationVector":"aB4buI7gG/ao4yOeq638Pi.41","action":"GetUpdates", "result":"DeleteReceived", "context":{"id":"268a0ac1-15b5-4265-af40-77278c1e9312", "isDeleted:":"true", "version":"1692475490907"}}
{"logTime": "0826/212959", "correlationVector":"aB4buI7gG/ao4yOeq638Pi.42","action":"GetUpdates", "result":"DeleteReceived", "context":{"id":"85594612-84aa-4954-aa35-25074a05552a", "isDeleted:":"true", "version":"1692475490909"}}
{"logTime": "0826/212959", "correlationVector":"aB4buI7gG/ao4yOeq638Pi.43","action":"GetUpdates", "result":"DeleteReceived", "context":{"id":"74071c42-47e7-4322-80ae-dcd467e68ab0", "isDeleted:":"true", "version":"1692475490910"}}
{"logTime": "0826/212959", "correlationVector":"aB4buI7gG/ao4yOeq638Pi.44","action":"GetUpdates", "result":"DeleteReceived", "context":{"id":"2fc0be60-c46e-45ca-84d1-57c8d0c8f128", "isDeleted:":"true", "version":"1692486854867"}}
{"logTime": "0826/212959", "correlationVector":"aB4buI7gG/ao4yOeq638Pi.45","action":"GetUpdates", "result":"DeleteReceived", "context":{"id":"08735267-eca3-4c12-b38f-cfd91c366b70", "isDeleted:":"true", "version":"1692541130979"}}
{"logTime": "0826/212959", "correlationVector":"aB4buI7gG/ao4yOeq638Pi.46","action":"GetUpdates", "result":"DeleteReceived", "context":{"id":"fe28d12e-d588-4430-a292-8f392d30ab45", "isDeleted:":"true", "version":"1692566296679"}}
{"logTime": "0826/212959", "correlationVector":"aB4buI7gG/ao4yOeq638Pi.47","action":"GetUpdates", "result":"DeleteReceived", "context":{"id":"3ec1999d-6f00-42d9-bfc3-746d14cb8dfe", "isDeleted:":"true", "version":"1692571755233"}}
{"logTime": "0826/212959", "correlationVector":"aB4buI7gG/ao4yOeq638Pi.48","action":"GetUpdates", "result":"DeleteReceived", "context":{"id":"9321b546-6466-4a83-b5f4-25a933f395ec", "isDeleted:":"true", "version":"1692577023447"}}
{"logTime": "0826/213000", "correlationVector":"aB4buI7gG/ao4yOeq638Pi.49","action":"GetUpdates", "result":"DeleteReceived", "context":{"id":"2cecad72-857b-49f6-8621-0c9641dc75b5", "isDeleted:":"true", "version":"1692591100894"}}
{"logTime": "0826/213001", "correlationVector":"aB4buI7gG/ao4yOeq638Pi.50","action":"GetUpdates", "result":"DeleteReceived", "context":{"id":"c06a12b8-c7d2-441f-9a1e-17ddc19a52e0", "isDeleted:":"true", "version":"1692628931311"}}
{"logTime": "0826/213001", "correlationVector":"aB4buI7gG/ao4yOeq638Pi.51","action":"GetUpdates", "result":"DeleteReceived", "context":{"id":"ad9d1f52-e2c2-41ae-a7c1-06b192ee2acd", "isDeleted:":"true", "version":"1692632545934"}}
{"logTime": "0826/213001", "correlationVector":"aB4buI7gG/ao4yOeq638Pi.52","action":"GetUpdates", "result":"DeleteReceived", "context":{"id":"85a0a9ac-0c01-4538-a2f5-00b631552b99", "isDeleted:":"true", "version":"1692632892865"}}
{"logTime": "0826/213001", "correlationVector":"aB4buI7gG/ao4yOeq638Pi.53","action":"GetUpdates", "result":"DeleteReceived", "context":{"id":"e6c0ac04-f960-4568-ae03-a5cd2afde757", "isDeleted:":"true", "version":"1692638455079"}}
{"logTime": "0826/213001", "correlationVector":"aB4buI7gG/ao4yOeq638Pi.54","action":"GetUpdates", "result":"DeleteReceived", "context":{"id":"24f89557-3447-4190-9eff-9182c42a1ccf", "isDeleted:":"true", "version":"1692644150934"}}
{"logTime": "0826/213001", "correlationVector":"aB4buI7gG/ao4yOeq638Pi.55","action":"GetUpdates", "result":"DeleteReceived", "context":{"id":"022f9f99-dc75-42d8-b028-ddf1b6c197fa", "isDeleted:":"true", "version":"1692646208017"}}
{"logTime": "0826/213001", "correlationVector":"aB4buI7gG/ao4yOeq638Pi.56","action":"GetUpdates", "result":"DeleteReceived", "context":{"id":"b50b853c-5e62-4db9-bebc-94d1157c5d99", "isDeleted:":"true", "version":"1692646349752"}}
{"logTime": "0826/213001", "correlationVector":"aB4buI7gG/ao4yOeq638Pi.57","action":"GetUpdates", "result":"DeleteReceived", "context":{"id":"6e3659b1-f9be-4da2-ad11-fa829c7b74da", "isDeleted:":"true", "version":"1692647384995"}}
{"logTime": "0826/213001", "correlationVector":"aB4buI7gG/ao4yOeq638Pi.58","action":"GetUpdates", "result":"DeleteReceived", "context":{"id":"a4050b68-3fe8-4e60-ae8f-549e2238eb4a", "isDeleted:":"true", "version":"1692652668785"}}
{"logTime": "0826/213001", "correlationVector":"aB4buI7gG/ao4yOeq638Pi.59","action":"GetUpdates", "result":"DeleteReceived", "context":{"id":"0e4f93d0-c5f2-44be-a007-5dbdd95935bd", "isDeleted:":"true", "version":"1692654564544"}}
{"logTime": "0826/213001", "correlationVector":"aB4buI7gG/ao4yOeq638Pi.60","action":"GetUpdates", "result":"DeleteReceived", "context":{"id":"32b35384-b325-40a8-9a10-55ca07866a34", "isDeleted:":"true", "version":"1692726047949"}}
{"logTime": "0826/213001", "correlationVector":"aB4buI7gG/ao4yOeq638Pi.61","action":"GetUpdates", "result":"DeleteReceived", "context":{"id":"5f6658e9-5cc2-4c14-bf07-699752a6426a", "isDeleted:":"true", "version":"1692727401621"}}
{"logTime": "0826/213001", "correlationVector":"aB4buI7gG/ao4yOeq638Pi.62","action":"GetUpdates", "result":"DeleteReceived", "context":{"id":"be2cfeba-7064-48a9-aafb-b4130a9ed1d9", "isDeleted:":"true", "version":"1692728190955"}}
{"logTime": "0826/213001", "correlationVector":"aB4buI7gG/ao4yOeq638Pi.63","action":"GetUpdates", "result":"DeleteReceived", "context":{"id":"053731db-0f00-4919-a7ea-c0bdf3876198", "isDeleted:":"true", "version":"1692811197923"}}
{"logTime": "0826/213001", "correlationVector":"aB4buI7gG/ao4yOeq638Pi.64","action":"GetUpdates", "result":"DeleteReceived", "context":{"id":"28d20af1-dbcb-4026-a59e-828fa14bb2d8", "isDeleted:":"true", "version":"1692813303557"}}
{"logTime": "0826/213001", "correlationVector":"aB4buI7gG/ao4yOeq638Pi.65","action":"GetUpdates", "result":"DeleteReceived", "context":{"id":"c3c8edc3-b248-4456-ac16-320b67a730ee", "isDeleted:":"true", "version":"1692814691162"}}
{"logTime": "0826/213001", "correlationVector":"aB4buI7gG/ao4yOeq638Pi.66","action":"GetUpdates", "result":"DeleteReceived", "context":{"id":"c6c5ceca-64e6-4923-8fb8-545332cbd48f", "isDeleted:":"true", "version":"1692830974291"}}
{"logTime": "0826/213001", "correlationVector":"aB4buI7gG/ao4yOeq638Pi.67","action":"GetUpdates", "result":"DeleteReceived", "context":{"id":"663eef50-5306-4b8d-ac40-c82a7e095980", "isDeleted:":"true", "version":"1692844743043"}}
{"logTime": "0826/213001", "correlationVector":"aB4buI7gG/ao4yOeq638Pi.68","action":"GetUpdates", "result":"DeleteReceived", "context":{"id":"36d7a08f-e7a1-4359-980b-1e16651574d0", "isDeleted:":"true", "version":"1692847088127"}}
{"logTime": "0826/213001", "correlationVector":"aB4buI7gG/ao4yOeq638Pi.69","action":"GetUpdates", "result":"DeleteReceived", "context":{"id":"6156474e-28e5-445b-aa7c-3eb1ea98eacb", "isDeleted:":"true", "version":"1692886748357"}}
{"logTime": "0826/213001", "correlationVector":"aB4buI7gG/ao4yOeq638Pi.70","action":"GetUpdates", "result":"DeleteReceived", "context":{"id":"34af261a-dba2-484d-b04e-7b2b8044a56f", "isDeleted:":"true", "version":"1692914049346"}}
{"logTime": "0826/213001", "correlationVector":"aB4buI7gG/ao4yOeq638Pi.71","action":"GetUpdates Response", "result":"SYNCER_OK", "context":Received 131 update(s). cV=aB4buI7gG/ao4yOeq638Pi.0;server=GENERAL01000004;cloudType=Consumer;environment=Prod_WestEurope_x00e;migrationStage=NotStarted}
{"logTime": "0826/213001", "correlationVector":"mJnzUMuO6aWRcaa66YcNQZ","action":"Normal GetUpdate request", "result":"", "context":cV=mJnzUMuO6aWRcaa66YcNQZ
Nudged types: Bookmarks, Sessions, Device Info
Refresh requested types: Bookmarks, Preferences, Passwords, Autofill Profiles, Autofill, Autofill Custom Data, Typed URLs, Extensions, Sessions, Extension settings, History Delete Directives, Device Info, User Consents, Send Tab To Self, Web Apps, Collection, Edge E Drop, Edge Hub App Usage, Encryption Keys}
{"logTime": "0826/213001", "correlationVector":"mJnzUMuO6aWRcaa66YcNQZ.1","action":"SyncServerConnectionManagerRequest", "result":"SYNC_SERVER_OK", "context":{"environment":"Prod_WestEurope_x00e", "migrationStage":"NotStarted", "server":"GENERAL0100001E"}}
{"logTime": "0826/213001", "correlationVector":"mJnzUMuO6aWRcaa66YcNQZ.2","action":"GetUpdates Response", "result":"SYNCER_OK", "context":Received 0 update(s). cV=mJnzUMuO6aWRcaa66YcNQZ.0;server=GENERAL0100001E;cloudType=Consumer;environment=Prod_WestEurope_x00e;migrationStage=NotStarted}
{"logTime": "0826/213001", "correlationVector":"sNf28urvJ2kpGhipftBZU6","action":"Commit Request", "result":"", "context":Item count: 1
Contributing types: Device Info}
{"logTime": "0826/213001", "correlationVector":"sNf28urvJ2kpGhipftBZU6.1","action":"SyncServerConnectionManagerRequest", "result":"SYNC_SERVER_OK", "context":{"environment":"Prod_WestEurope_x00e", "migrationStage":"NotStarted", "server":"GENERAL0100002R"}}
{"logTime": "0826/213001", "correlationVector":"sNf28urvJ2kpGhipftBZU6.2","action":"Commit Response", "result":"SYNCER_OK", "context":Result: SYNCER_OK. cV=sNf28urvJ2kpGhipftBZU6.0;server=GENERAL0100002R;cloudType=Consumer;environment=Prod_WestEurope_x00e;migrationStage=NotStarted}
{"logTime": "0826/213001", "correlationVector":"HGG2woPkQSkmN1e2/76AHx","action":"Commit Request", "result":"", "context":Item count: 6
Contributing types: Bookmarks, Sessions}
{"logTime": "0826/213001", "correlationVector":"HGG2woPkQSkmN1e2/76AHx.1","action":"SyncServerConnectionManagerRequest", "result":"SYNC_SERVER_OK", "context":{"environment":"Prod_WestEurope_x00e", "migrationStage":"NotStarted", "server":"general01000026"}}
{"logTime": "0826/213001", "correlationVector":"HGG2woPkQSkmN1e2/76AHx.2","action":"Commit Response", "result":"SYNCER_OK", "context":Result: SYNCER_OK. cV=HGG2woPkQSkmN1e2/76AHx.0;server=general01000026;cloudType=Consumer;environment=Prod_WestEurope_x00e;migrationStage=NotStarted}
{"logTime": "0826/213035", "correlationVector":"VZOababxZpLrkHy1cfdaPE","action":"Commit Request", "result":"", "context":Item count: 1
Contributing types: Sessions}
{"logTime": "0826/213036", "correlationVector":"VZOababxZpLrkHy1cfdaPE.1","action":"SyncServerConnectionManagerRequest", "result":"SYNC_SERVER_OK", "context":{"environment":"Prod_WestEurope_000l", "migrationStage":"NotStarted", "server":"general0100000D"}}
{"logTime": "0826/213036", "correlationVector":"VZOababxZpLrkHy1cfdaPE.2","action":"Commit Response", "result":"SYNCER_OK", "context":Result: SYNCER_OK. cV=VZOababxZpLrkHy1cfdaPE.0;server=general0100000D;cloudType=Consumer;environment=Prod_WestEurope_000l;migrationStage=NotStarted}
{"logTime": "0826/213111", "correlationVector":"ZxQNepZF8G+dwE4IDe6jKV","action":"Commit Request", "result":"", "context":Item count: 1
Contributing types: Sessions}
{"logTime": "0826/213111", "correlationVector":"ZxQNepZF8G+dwE4IDe6jKV.1","action":"SyncServerConnectionManagerRequest", "result":"SYNC_SERVER_OK", "context":{"environment":"Prod_WestEurope_000l", "migrationStage":"NotStarted", "server":"general01000027"}}
{"logTime": "0826/213111", "correlationVector":"ZxQNepZF8G+dwE4IDe6jKV.2","action":"Commit Response", "result":"SYNCER_OK", "context":Result: SYNCER_OK. cV=ZxQNepZF8G+dwE4IDe6jKV.0;server=general01000027;cloudType=Consumer;environment=Prod_WestEurope_000l;migrationStage=NotStarted}
{"logTime": "0826/213156", "correlationVector":"R3gaO+lwmJviO/XGlma0Mu","action":"Commit Request", "result":"", "context":Item count: 1
Contributing types: Sessions}
{"logTime": "0826/213157", "correlationVector":"R3gaO+lwmJviO/XGlma0Mu.1","action":"SyncServerConnectionManagerRequest", "result":"SYNC_SERVER_OK", "context":{"environment":"Prod_WestEurope_000l", "migrationStage":"NotStarted", "server":"general01000015"}}
{"logTime": "0826/213157", "correlationVector":"R3gaO+lwmJviO/XGlma0Mu.2","action":"Commit Response", "result":"SYNCER_OK", "context":Result: SYNCER_OK. cV=R3gaO+lwmJviO/XGlma0Mu.0;server=general01000015;cloudType=Consumer;environment=Prod_WestEurope_000l;migrationStage=NotStarted}
{"logTime": "0826/213227", "correlationVector":"LcjdEtFFQ9c22RQYFUxez2","action":"Commit Request", "result":"", "context":Item count: 1
Contributing types: Sessions}
{"logTime": "0826/213227", "correlationVector":"LcjdEtFFQ9c22RQYFUxez2.1","action":"SyncServerConnectionManagerRequest", "result":"SYNC_SERVER_OK", "context":{"environment":"Prod_WestEurope_000l", "migrationStage":"NotStarted", "server":"general0100000P"}}
{"logTime": "0826/213227", "correlationVector":"LcjdEtFFQ9c22RQYFUxez2.2","action":"Commit Response", "result":"SYNCER_OK", "context":Result: SYNCER_OK. cV=LcjdEtFFQ9c22RQYFUxez2.0;server=general0100000P;cloudType=Consumer;environment=Prod_WestEurope_000l;migrationStage=NotStarted}
{"logTime": "0826/213308", "correlationVector":"p1sKyAlkbEU/bdq0wUSorC","action":"Commit Request", "result":"", "context":Item count: 1
Contributing types: Sessions}
{"logTime": "0826/213308", "correlationVector":"p1sKyAlkbEU/bdq0wUSorC.1","action":"SyncServerConnectionManagerRequest", "result":"SYNC_SERVER_OK", "context":{"environment":"Prod_WestEurope_000l", "migrationStage":"NotStarted", "server":"general0100000T"}}
{"logTime": "0826/213308", "correlationVector":"p1sKyAlkbEU/bdq0wUSorC.2","action":"Commit Response", "result":"SYNCER_OK", "context":Result: SYNCER_OK. cV=p1sKyAlkbEU/bdq0wUSorC.0;server=general0100000T;cloudType=Consumer;environment=Prod_WestEurope_000l;migrationStage=NotStarted}
{"logTime": "0826/213349", "correlationVector":"wBq19+UcHBdej040Rg4s04","action":"Commit Request", "result":"", "context":Item count: 1
Contributing types: Sessions}
{"logTime": "0826/213350", "correlationVector":"wBq19+UcHBdej040Rg4s04.1","action":"SyncServerConnectionManagerRequest", "result":"SYNC_SERVER_OK", "context":{"environment":"Prod_WestEurope_000l", "migrationStage":"NotStarted", "server":"general01000023"}}
{"logTime": "0826/213350", "correlationVector":"wBq19+UcHBdej040Rg4s04.2","action":"Commit Response", "result":"SYNCER_OK", "context":Result: SYNCER_OK. cV=wBq19+UcHBdej040Rg4s04.0;server=general01000023;cloudType=Consumer;environment=Prod_WestEurope_000l;migrationStage=NotStarted}
{"logTime": "0826/214019", "correlationVector":"2zcFOzimvaEZtAzj+l1hYC","action":"Commit Request", "result":"", "context":Item count: 1
Contributing types: Sessions}
{"logTime": "0826/214020", "correlationVector":"2zcFOzimvaEZtAzj+l1hYC.1","action":"SyncServerConnectionManagerRequest", "result":"SYNC_SERVER_OK", "context":{"environment":"Prod_WestEurope_000l", "migrationStage":"NotStarted", "server":"general0100000X"}}
{"logTime": "0826/214020", "correlationVector":"2zcFOzimvaEZtAzj+l1hYC.2","action":"Commit Response", "result":"SYNCER_OK", "context":Result: SYNCER_OK. cV=2zcFOzimvaEZtAzj+l1hYC.0;server=general0100000X;cloudType=Consumer;environment=Prod_WestEurope_000l;migrationStage=NotStarted}
{"logTime": "0826/214052", "correlationVector":"p8rFcU/jBDVmB5Q/ly7X/j","action":"Commit Request", "result":"", "context":Item count: 1
Contributing types: Sessions}
{"logTime": "0826/214052", "correlationVector":"p8rFcU/jBDVmB5Q/ly7X/j.1","action":"SyncServerConnectionManagerRequest", "result":"SYNC_SERVER_OK", "context":{"environment":"Prod_WestEurope_x00e", "migrationStage":"NotStarted", "server":"GENERAL0100000M"}}
{"logTime": "0826/214052", "correlationVector":"p8rFcU/jBDVmB5Q/ly7X/j.2","action":"Commit Response", "result":"SYNCER_OK", "context":Result: SYNCER_OK. cV=p8rFcU/jBDVmB5Q/ly7X/j.0;server=GENERAL0100000M;cloudType=Consumer;environment=Prod_WestEurope_x00e;migrationStage=NotStarted}
{"logTime": "0826/214326", "correlationVector":"RxCLeDPT+gWcvgwX3gdhGA","action":"Commit Request", "result":"", "context":Item count: 1
Contributing types: Sessions}
{"logTime": "0826/214327", "correlationVector":"RxCLeDPT+gWcvgwX3gdhGA.1","action":"SyncServerConnectionManagerRequest", "result":"SYNC_SERVER_OK", "context":{"environment":"Prod_WestEurope_000l", "migrationStage":"NotStarted", "server":"general01000027"}}
{"logTime": "0826/214327", "correlationVector":"RxCLeDPT+gWcvgwX3gdhGA.2","action":"Commit Response", "result":"SYNCER_OK", "context":Result: SYNCER_OK. cV=RxCLeDPT+gWcvgwX3gdhGA.0;server=general01000027;cloudType=Consumer;environment=Prod_WestEurope_000l;migrationStage=NotStarted}
{"logTime": "0826/214418", "correlationVector":"kWKt4opMHvBrMzuUoh7WH3","action":"Commit Request", "result":"", "context":Item count: 1
Contributing types: Sessions}
{"logTime": "0826/214418", "correlationVector":"kWKt4opMHvBrMzuUoh7WH3.1","action":"SyncServerConnectionManagerRequest", "result":"SYNC_SERVER_OK", "context":{"environment":"Prod_WestEurope_000l", "migrationStage":"NotStarted", "server":"general01000009"}}
{"logTime": "0826/214418", "correlationVector":"kWKt4opMHvBrMzuUoh7WH3.2","action":"Commit Response", "result":"SYNCER_OK", "context":Result: SYNCER_OK. cV=kWKt4opMHvBrMzuUoh7WH3.0;server=general01000009;cloudType=Consumer;environment=Prod_WestEurope_000l;migrationStage=NotStarted}
{"logTime": "0826/214449", "correlationVector":"ZBmkuAn/ZcHB1btqlHq7rc","action":"Commit Request", "result":"", "context":Item count: 1
Contributing types: Sessions}
{"logTime": "0826/214449", "correlationVector":"ZBmkuAn/ZcHB1btqlHq7rc.1","action":"SyncServerConnectionManagerRequest", "result":"SYNC_SERVER_OK", "context":{"environment":"Prod_WestEurope_000l", "migrationStage":"NotStarted", "server":"general0100000O"}}
{"logTime": "0826/214449", "correlationVector":"ZBmkuAn/ZcHB1btqlHq7rc.2","action":"Commit Response", "result":"SYNCER_OK", "context":Result: SYNCER_OK. cV=ZBmkuAn/ZcHB1btqlHq7rc.0;server=general0100000O;cloudType=Consumer;environment=Prod_WestEurope_000l;migrationStage=NotStarted}
